Release 11.5 - platgen Xilinx EDK 11.5 Build EDK_LS5.70
 (nt)
Copyright (c) 1995-2009 Xilinx, Inc.  All rights reserved.

Command Line: platgen -p xc3s700anfgg484-4 -lang vhdl -msg
__xps/ise/xmsgprops.lst system.mhs 

WARNING:EDK - WARNING:Security:42 - Your software subscription period has
   lapsed. Your current version of Xilinx tools will continue to function, but
   you no longer qualify for Xilinx software updates or new releases.


Parse C:/EDK_Trial_3/system.mhs ...

Read MPD definitions ...

Overriding IP level properties ...
INFO:EDK:1560 - IPNAME:mpmc INSTANCE:DDR2_SDRAM -
   C:\Xilinx\11.1\EDK\hw\XilinxProcessorIPLib\pcores\mpmc_v5_04_a\data\mpmc_v2_1
   _0.mpd line 149 - tcl is overriding PARAMETER C_SPEEDGRADE_INT value to 4
INFO:EDK:1560 - IPNAME:mpmc INSTANCE:DDR2_SDRAM -
   C:\Xilinx\11.1\EDK\hw\XilinxProcessorIPLib\pcores\mpmc_v5_04_a\data\mpmc_v2_1
   _0.mpd line 171 - tcl is overriding PARAMETER C_IODELAY_GRP value to
   DDR2_SDRAM
INFO:EDK:1560 - IPNAME:mpmc INSTANCE:DDR2_SDRAM -
   C:\Xilinx\11.1\EDK\hw\XilinxProcessorIPLib\pcores\mpmc_v5_04_a\data\mpmc_v2_1
   _0.mpd line 247 - tcl is overriding PARAMETER C_MEM_PART_DATA_DEPTH value to
   32
INFO:EDK:1560 - IPNAME:mpmc INSTANCE:DDR2_SDRAM -
   C:\Xilinx\11.1\EDK\hw\XilinxProcessorIPLib\pcores\mpmc_v5_04_a\data\mpmc_v2_1
   _0.mpd line 248 - tcl is overriding PARAMETER C_MEM_PART_DATA_WIDTH value to
   16
INFO:EDK:1560 - IPNAME:mpmc INSTANCE:DDR2_SDRAM -
   C:\Xilinx\11.1\EDK\hw\XilinxProcessorIPLib\pcores\mpmc_v5_04_a\data\mpmc_v2_1
   _0.mpd line 251 - tcl is overriding PARAMETER C_MEM_PART_NUM_COL_BITS value
   to 10
INFO:EDK:1560 - IPNAME:mpmc INSTANCE:DDR2_SDRAM -
   C:\Xilinx\11.1\EDK\hw\XilinxProcessorIPLib\pcores\mpmc_v5_04_a\data\mpmc_v2_1
   _0.mpd line 252 - tcl is overriding PARAMETER C_MEM_PART_TRAS value to 40000
INFO:EDK:1560 - IPNAME:mpmc INSTANCE:DDR2_SDRAM -
   C:\Xilinx\11.1\EDK\hw\XilinxProcessorIPLib\pcores\mpmc_v5_04_a\data\mpmc_v2_1
   _0.mpd line 253 - tcl is overriding PARAMETER C_MEM_PART_TRASMAX value to
   70000000
INFO:EDK:1560 - IPNAME:mpmc INSTANCE:DDR2_SDRAM -
   C:\Xilinx\11.1\EDK\hw\XilinxProcessorIPLib\pcores\mpmc_v5_04_a\data\mpmc_v2_1
   _0.mpd line 254 - tcl is overriding PARAMETER C_MEM_PART_TRC value to 55000
INFO:EDK:1560 - IPNAME:mpmc INSTANCE:DDR2_SDRAM -
   C:\Xilinx\11.1\EDK\hw\XilinxProcessorIPLib\pcores\mpmc_v5_04_a\data\mpmc_v2_1
   _0.mpd line 255 - tcl is overriding PARAMETER C_MEM_PART_TRCD value to 15000
INFO:EDK:1560 - IPNAME:mpmc INSTANCE:DDR2_SDRAM -
   C:\Xilinx\11.1\EDK\hw\XilinxProcessorIPLib\pcores\mpmc_v5_04_a\data\mpmc_v2_1
   _0.mpd line 257 - tcl is overriding PARAMETER C_MEM_PART_TWR value to 15000
INFO:EDK:1560 - IPNAME:mpmc INSTANCE:DDR2_SDRAM -
   C:\Xilinx\11.1\EDK\hw\XilinxProcessorIPLib\pcores\mpmc_v5_04_a\data\mpmc_v2_1
   _0.mpd line 258 - tcl is overriding PARAMETER C_MEM_PART_TRP value to 15000
INFO:EDK:1560 - IPNAME:mpmc INSTANCE:DDR2_SDRAM -
   C:\Xilinx\11.1\EDK\hw\XilinxProcessorIPLib\pcores\mpmc_v5_04_a\data\mpmc_v2_1
   _0.mpd line 259 - tcl is overriding PARAMETER C_MEM_PART_TMRD value to 2
INFO:EDK:1560 - IPNAME:mpmc INSTANCE:DDR2_SDRAM -
   C:\Xilinx\11.1\EDK\hw\XilinxProcessorIPLib\pcores\mpmc_v5_04_a\data\mpmc_v2_1
   _0.mpd line 260 - tcl is overriding PARAMETER C_MEM_PART_TRRD value to 10000
INFO:EDK:1560 - IPNAME:mpmc INSTANCE:DDR2_SDRAM -
   C:\Xilinx\11.1\EDK\hw\XilinxProcessorIPLib\pcores\mpmc_v5_04_a\data\mpmc_v2_1
   _0.mpd line 261 - tcl is overriding PARAMETER C_MEM_PART_TRFC value to 105000
INFO:EDK:1560 - IPNAME:mpmc INSTANCE:DDR2_SDRAM -
   C:\Xilinx\11.1\EDK\hw\XilinxProcessorIPLib\pcores\mpmc_v5_04_a\data\mpmc_v2_1
   _0.mpd line 262 - tcl is overriding PARAMETER C_MEM_PART_TREFI value to
   7800000
INFO:EDK:1560 - IPNAME:mpmc INSTANCE:DDR2_SDRAM -
   C:\Xilinx\11.1\EDK\hw\XilinxProcessorIPLib\pcores\mpmc_v5_04_a\data\mpmc_v2_1
   _0.mpd line 264 - tcl is overriding PARAMETER C_MEM_PART_TCCD value to 2
INFO:EDK:1560 - IPNAME:mpmc INSTANCE:DDR2_SDRAM -
   C:\Xilinx\11.1\EDK\hw\XilinxProcessorIPLib\pcores\mpmc_v5_04_a\data\mpmc_v2_1
   _0.mpd line 265 - tcl is overriding PARAMETER C_MEM_PART_TWTR value to 7500
INFO:EDK:1560 - IPNAME:mpmc INSTANCE:DDR2_SDRAM -
   C:\Xilinx\11.1\EDK\hw\XilinxProcessorIPLib\pcores\mpmc_v5_04_a\data\mpmc_v2_1
   _0.mpd line 269 - tcl is overriding PARAMETER C_MEM_PART_CAS_A_FMAX value to
   200
INFO:EDK:1560 - IPNAME:mpmc INSTANCE:DDR2_SDRAM -
   C:\Xilinx\11.1\EDK\hw\XilinxProcessorIPLib\pcores\mpmc_v5_04_a\data\mpmc_v2_1
   _0.mpd line 270 - tcl is overriding PARAMETER C_MEM_PART_CAS_A value to 3
INFO:EDK:1560 - IPNAME:mpmc INSTANCE:DDR2_SDRAM -
   C:\Xilinx\11.1\EDK\hw\XilinxProcessorIPLib\pcores\mpmc_v5_04_a\data\mpmc_v2_1
   _0.mpd line 271 - tcl is overriding PARAMETER C_MEM_PART_CAS_B_FMAX value to
   266
INFO:EDK:1560 - IPNAME:mpmc INSTANCE:DDR2_SDRAM -
   C:\Xilinx\11.1\EDK\hw\XilinxProcessorIPLib\pcores\mpmc_v5_04_a\data\mpmc_v2_1
   _0.mpd line 272 - tcl is overriding PARAMETER C_MEM_PART_CAS_B value to 4
INFO:EDK:1560 - IPNAME:mpmc INSTANCE:DDR2_SDRAM -
   C:\Xilinx\11.1\EDK\hw\XilinxProcessorIPLib\pcores\mpmc_v5_04_a\data\mpmc_v2_1
   _0.mpd line 273 - tcl is overriding PARAMETER C_MEM_PART_CAS_C_FMAX value to
   333
INFO:EDK:1560 - IPNAME:mpmc INSTANCE:DDR2_SDRAM -
   C:\Xilinx\11.1\EDK\hw\XilinxProcessorIPLib\pcores\mpmc_v5_04_a\data\mpmc_v2_1
   _0.mpd line 274 - tcl is overriding PARAMETER C_MEM_PART_CAS_C value to 5
INFO:EDK:1560 - IPNAME:mpmc INSTANCE:DDR2_SDRAM -
   C:\Xilinx\11.1\EDK\hw\XilinxProcessorIPLib\pcores\mpmc_v5_04_a\data\mpmc_v2_1
   _0.mpd line 295 - tcl is overriding PARAMETER C_MEM_DM_WIDTH value to 2
INFO:EDK:1560 - IPNAME:mpmc INSTANCE:DDR2_SDRAM -
   C:\Xilinx\11.1\EDK\hw\XilinxProcessorIPLib\pcores\mpmc_v5_04_a\data\mpmc_v2_1
   _0.mpd line 296 - tcl is overriding PARAMETER C_MEM_DQS_WIDTH value to 2

Performing IP level DRCs on properties...

Running DRC Tcl procedures for OPTION IPLEVEL_DRC_PROC...
Address Map for Processor microblaze_0
  (0000000000-0x000007ff) dlmb_cntlr	dlmb
  (0000000000-0x000007ff) ilmb_cntlr	ilmb
  (0x84020000-0x8402ffff) RS232_DCE	mb_plb
  (0x84400000-0x8440ffff) mdm_0	mb_plb
  (0xc3200000-0xc320ffff) vga_controller_0	mb_plb
  (0xc4000000-0xc7ffffff) DDR2_SDRAM	mb_plb
  (0xc4000000-0xc7ffffff) DDR2_SDRAM	microblaze_0_DXCL
  (0xc4000000-0xc7ffffff) DDR2_SDRAM	microblaze_0_IXCL
INFO:EDK:1560 - IPNAME:mpmc INSTANCE:DDR2_SDRAM -
   C:\Xilinx\11.1\EDK\hw\XilinxProcessorIPLib\pcores\mpmc_v5_04_a\data\mpmc_v2_1
   _0.mpd line 352 - tool is overriding PARAMETER C_SPLB0_P2P value to 0

Computing clock values...
INFO:EDK:1039 - Did not update the value for parameter:
   DDR2_SDRAM:C_MPMC_CLK_MEM_PERIOD_PS. Top-level frequency could not be
   propagated to this IP. Please make sure that you have specified the frequency
   of the top-level clock port, and that the clocks are properly connected.
INFO:EDK:1560 - IPNAME:microblaze INSTANCE:microblaze_0 -
   C:\Xilinx\11.1\EDK\hw\XilinxProcessorIPLib\pcores\microblaze_v7_20_d\data\mic
   roblaze_v2_1_0.mpd line 149 - tool is overriding PARAMETER C_DPLB_DWIDTH
   value to 64
INFO:EDK:1560 - IPNAME:microblaze INSTANCE:microblaze_0 -
   C:\Xilinx\11.1\EDK\hw\XilinxProcessorIPLib\pcores\microblaze_v7_20_d\data\mic
   roblaze_v2_1_0.mpd line 153 - tool is overriding PARAMETER C_IPLB_DWIDTH
   value to 64
INFO:EDK:1560 - IPNAME:plb_v46 INSTANCE:mb_plb -
   C:\Xilinx\11.1\EDK\hw\XilinxProcessorIPLib\pcores\plb_v46_v1_04_a\data\plb_v4
   6_v2_1_0.mpd line 70 - tool is overriding PARAMETER C_PLBV46_NUM_MASTERS
   value to 2
INFO:EDK:1560 - IPNAME:plb_v46 INSTANCE:mb_plb -
   C:\Xilinx\11.1\EDK\hw\XilinxProcessorIPLib\pcores\plb_v46_v1_04_a\data\plb_v4
   6_v2_1_0.mpd line 71 - tool is overriding PARAMETER C_PLBV46_NUM_SLAVES value
   to 4
INFO:EDK:1560 - IPNAME:plb_v46 INSTANCE:mb_plb -
   C:\Xilinx\11.1\EDK\hw\XilinxProcessorIPLib\pcores\plb_v46_v1_04_a\data\plb_v4
   6_v2_1_0.mpd line 72 - tool is overriding PARAMETER C_PLBV46_MID_WIDTH value
   to 1
INFO:EDK:1560 - IPNAME:lmb_v10 INSTANCE:ilmb -
   C:\Xilinx\11.1\EDK\hw\XilinxProcessorIPLib\pcores\lmb_v10_v1_00_a\data\lmb_v1
   0_v2_1_0.mpd line 71 - tool is overriding PARAMETER C_LMB_NUM_SLAVES value to
   1
INFO:EDK:1560 - IPNAME:lmb_v10 INSTANCE:dlmb -
   C:\Xilinx\11.1\EDK\hw\XilinxProcessorIPLib\pcores\lmb_v10_v1_00_a\data\lmb_v1
   0_v2_1_0.mpd line 71 - tool is overriding PARAMETER C_LMB_NUM_SLAVES value to
   1
INFO:EDK:1560 - IPNAME:bram_block INSTANCE:lmb_bram -
   C:\Xilinx\11.1\EDK\hw\XilinxProcessorIPLib\pcores\bram_block_v1_00_a\data\bra
   m_block_v2_1_0.mpd line 69 - tool is overriding PARAMETER C_MEMSIZE value to
   0x800
INFO:EDK:1560 - IPNAME:xps_uartlite INSTANCE:RS232_DCE -
   C:\Xilinx\11.1\EDK\hw\XilinxProcessorIPLib\pcores\xps_uartlite_v1_01_a\data\x
   ps_uartlite_v2_1_0.mpd line 73 - tool is overriding PARAMETER C_SPLB_DWIDTH
   value to 64
INFO:EDK:1560 - IPNAME:xps_uartlite INSTANCE:RS232_DCE -
   C:\Xilinx\11.1\EDK\hw\XilinxProcessorIPLib\pcores\xps_uartlite_v1_01_a\data\x
   ps_uartlite_v2_1_0.mpd line 76 - tool is overriding PARAMETER
   C_SPLB_NUM_MASTERS value to 2
INFO:EDK:1560 - IPNAME:mpmc INSTANCE:DDR2_SDRAM -
   C:\Xilinx\11.1\EDK\hw\XilinxProcessorIPLib\pcores\mpmc_v5_04_a\data\mpmc_v2_1
   _0.mpd line 350 - tool is overriding PARAMETER C_SPLB0_NUM_MASTERS value to 2
INFO:EDK:1560 - IPNAME:mdm INSTANCE:mdm_0 -
   C:\Xilinx\11.1\EDK\hw\XilinxProcessorIPLib\pcores\mdm_v1_00_g\data\mdm_v2_1_0
   .mpd line 86 - tool is overriding PARAMETER C_SPLB_DWIDTH value to 64
INFO:EDK:1560 - IPNAME:mdm INSTANCE:mdm_0 -
   C:\Xilinx\11.1\EDK\hw\XilinxProcessorIPLib\pcores\mdm_v1_00_g\data\mdm_v2_1_0
   .mpd line 88 - tool is overriding PARAMETER C_SPLB_MID_WIDTH value to 1
INFO:EDK:1560 - IPNAME:mdm INSTANCE:mdm_0 -
   C:\Xilinx\11.1\EDK\hw\XilinxProcessorIPLib\pcores\mdm_v1_00_g\data\mdm_v2_1_0
   .mpd line 89 - tool is overriding PARAMETER C_SPLB_NUM_MASTERS value to 2
INFO:EDK:1560 - IPNAME:vga_control INSTANCE:vga_controller_0 -
   C:\EDK_Trial_3\pcores\vga_control_v1_00_a\data\vga_control_v2_1_0.mpd line 29
   - tool is overriding PARAMETER C_SPLB_DWIDTH value to 64
INFO:EDK:1560 - IPNAME:vga_control INSTANCE:vga_controller_0 -
   C:\EDK_Trial_3\pcores\vga_control_v1_00_a\data\vga_control_v2_1_0.mpd line 30
   - tool is overriding PARAMETER C_SPLB_NUM_MASTERS value to 2
INFO:EDK:1560 - IPNAME:vga_control INSTANCE:vga_controller_0 -
   C:\EDK_Trial_3\pcores\vga_control_v1_00_a\data\vga_control_v2_1_0.mpd line 31
   - tool is overriding PARAMETER C_SPLB_MID_WIDTH value to 1

Checking platform address map ...

Checking platform configuration ...
IPNAME:plb_v46 INSTANCE:mb_plb - C:\EDK_Trial_3\system.mhs line 86 - 2 master(s)
: 4 slave(s)
IPNAME:lmb_v10 INSTANCE:ilmb - C:\EDK_Trial_3\system.mhs line 93 - 1 master(s) :
1 slave(s)
IPNAME:lmb_v10 INSTANCE:dlmb - C:\EDK_Trial_3\system.mhs line 100 - 1 master(s)
: 1 slave(s)

Checking port drivers...
WARNING:EDK:2098 - PORT:IWAIT CONNECTOR:ilmb_LMB_Wait -
   C:\Xilinx\11.1\EDK\hw\XilinxProcessorIPLib\pcores\microblaze_v7_20_d\data\mic
   roblaze_v2_1_0.mpd line 234 - No driver found. Port will be driven to GND!
WARNING:EDK:2098 - PORT:DWAIT CONNECTOR:dlmb_LMB_Wait -
   C:\Xilinx\11.1\EDK\hw\XilinxProcessorIPLib\pcores\microblaze_v7_20_d\data\mic
   roblaze_v2_1_0.mpd line 270 - No driver found. Port will be driven to GND!
WARNING:EDK:2098 - PORT:bscan_tdo1 CONNECTOR:bscan_tdo1 -
   C:\Xilinx\11.1\EDK\hw\XilinxProcessorIPLib\pcores\mdm_v1_00_g\data\mdm_v2_1_0
   .mpd line 230 - No driver found. Port will be driven to GND!
WARNING:EDK:2099 - PORT:I_ADDRTAG CONNECTOR:ilmb_M_ADDRTAG -
   C:\Xilinx\11.1\EDK\hw\XilinxProcessorIPLib\pcores\microblaze_v7_20_d\data\mic
   roblaze_v2_1_0.mpd line 232 - floating connection!
WARNING:EDK:2099 - PORT:D_ADDRTAG CONNECTOR:dlmb_M_ADDRTAG -
   C:\Xilinx\11.1\EDK\hw\XilinxProcessorIPLib\pcores\microblaze_v7_20_d\data\mic
   roblaze_v2_1_0.mpd line 273 - floating connection!
WARNING:EDK:2099 - PORT:bscan_tdi CONNECTOR:bscan_tdi -
   C:\Xilinx\11.1\EDK\hw\XilinxProcessorIPLib\pcores\mdm_v1_00_g\data\mdm_v2_1_0
   .mpd line 223 - floating connection!
WARNING:EDK:2099 - PORT:bscan_reset CONNECTOR:bscan_reset -
   C:\Xilinx\11.1\EDK\hw\XilinxProcessorIPLib\pcores\mdm_v1_00_g\data\mdm_v2_1_0
   .mpd line 224 - floating connection!
WARNING:EDK:2099 - PORT:bscan_shift CONNECTOR:bscan_shift -
   C:\Xilinx\11.1\EDK\hw\XilinxProcessorIPLib\pcores\mdm_v1_00_g\data\mdm_v2_1_0
   .mpd line 225 - floating connection!
WARNING:EDK:2099 - PORT:bscan_update CONNECTOR:bscan_update -
   C:\Xilinx\11.1\EDK\hw\XilinxProcessorIPLib\pcores\mdm_v1_00_g\data\mdm_v2_1_0
   .mpd line 226 - floating connection!
WARNING:EDK:2099 - PORT:bscan_capture CONNECTOR:bscan_capture -
   C:\Xilinx\11.1\EDK\hw\XilinxProcessorIPLib\pcores\mdm_v1_00_g\data\mdm_v2_1_0
   .mpd line 227 - floating connection!
WARNING:EDK:2099 - PORT:bscan_sel1 CONNECTOR:bscan_sel1 -
   C:\Xilinx\11.1\EDK\hw\XilinxProcessorIPLib\pcores\mdm_v1_00_g\data\mdm_v2_1_0
   .mpd line 228 - floating connection!
WARNING:EDK:2099 - PORT:bscan_drck1 CONNECTOR:bscan_drck1 -
   C:\Xilinx\11.1\EDK\hw\XilinxProcessorIPLib\pcores\mdm_v1_00_g\data\mdm_v2_1_0
   .mpd line 229 - floating connection!

Performing Clock DRCs...
INFO:EDK:1038 - Did not implement clock DRCs for parameter:
   DDR2_SDRAM:C_MPMC_CLK_MEM_PERIOD_PS. Top-level frequency could not be
   propagated to this IP. Please make sure that you have specified the frequency
   of the top-level clock port, and that the clocks are properly connected.

Performing Reset DRCs...

Overriding system level properties...
INFO:EDK:1560 - IPNAME:microblaze INSTANCE:microblaze_0 -
   C:\Xilinx\11.1\EDK\hw\XilinxProcessorIPLib\pcores\microblaze_v7_20_d\data\mic
   roblaze_v2_1_0.mpd line 157 - tcl is overriding PARAMETER C_D_PLB value to 1
INFO:EDK:1560 - IPNAME:microblaze INSTANCE:microblaze_0 -
   C:\Xilinx\11.1\EDK\hw\XilinxProcessorIPLib\pcores\microblaze_v7_20_d\data\mic
   roblaze_v2_1_0.mpd line 158 - tcl is overriding PARAMETER C_D_OPB value to 0
INFO:EDK:1560 - IPNAME:microblaze INSTANCE:microblaze_0 -
   C:\Xilinx\11.1\EDK\hw\XilinxProcessorIPLib\pcores\microblaze_v7_20_d\data\mic
   roblaze_v2_1_0.mpd line 160 - tcl is overriding PARAMETER C_I_PLB value to 1
INFO:EDK:1560 - IPNAME:microblaze INSTANCE:microblaze_0 -
   C:\Xilinx\11.1\EDK\hw\XilinxProcessorIPLib\pcores\microblaze_v7_20_d\data\mic
   roblaze_v2_1_0.mpd line 161 - tcl is overriding PARAMETER C_I_OPB value to 0
INFO:EDK:1560 - IPNAME:microblaze INSTANCE:microblaze_0 -
   C:\Xilinx\11.1\EDK\hw\XilinxProcessorIPLib\pcores\microblaze_v7_20_d\data\mic
   roblaze_v2_1_0.mpd line 196 - tcl is overriding PARAMETER C_ADDR_TAG_BITS
   value to 19
INFO:EDK:1560 - IPNAME:microblaze INSTANCE:microblaze_0 -
   C:\Xilinx\11.1\EDK\hw\XilinxProcessorIPLib\pcores\microblaze_v7_20_d\data\mic
   roblaze_v2_1_0.mpd line 206 - tcl is overriding PARAMETER C_DCACHE_ADDR_TAG
   value to 18
INFO:EDK:1560 - IPNAME:microblaze INSTANCE:microblaze_0 -
   C:\Xilinx\11.1\EDK\hw\XilinxProcessorIPLib\pcores\microblaze_v7_20_d\data\mic
   roblaze_v2_1_0.mpd line 218 - tcl is overriding PARAMETER C_USE_INTERRUPT
   value to 1
INFO:EDK:1560 - IPNAME:microblaze INSTANCE:microblaze_0 -
   C:\Xilinx\11.1\EDK\hw\XilinxProcessorIPLib\pcores\microblaze_v7_20_d\data\mic
   roblaze_v2_1_0.mpd line 219 - tcl is overriding PARAMETER C_USE_EXT_BRK value
   to 1
INFO:EDK:1560 - IPNAME:microblaze INSTANCE:microblaze_0 -
   C:\Xilinx\11.1\EDK\hw\XilinxProcessorIPLib\pcores\microblaze_v7_20_d\data\mic
   roblaze_v2_1_0.mpd line 220 - tcl is overriding PARAMETER C_USE_EXT_NM_BRK
   value to 1
INFO:EDK:1560 - IPNAME:lmb_bram_if_cntlr INSTANCE:dlmb_cntlr -
   C:\Xilinx\11.1\EDK\hw\XilinxProcessorIPLib\pcores\lmb_bram_if_cntlr_v2_10_b\d
   ata\lmb_bram_if_cntlr_v2_1_0.mpd line 77 - tcl is overriding PARAMETER C_MASK
   value to 0x80000000
INFO:EDK:1560 - IPNAME:lmb_bram_if_cntlr INSTANCE:ilmb_cntlr -
   C:\Xilinx\11.1\EDK\hw\XilinxProcessorIPLib\pcores\lmb_bram_if_cntlr_v2_10_b\d
   ata\lmb_bram_if_cntlr_v2_1_0.mpd line 77 - tcl is overriding PARAMETER C_MASK
   value to 0x80000000
INFO:EDK:1560 - IPNAME:mpmc INSTANCE:DDR2_SDRAM -
   C:\Xilinx\11.1\EDK\hw\XilinxProcessorIPLib\pcores\mpmc_v5_04_a\data\mpmc_v2_1
   _0.mpd line 344 - tcl is overriding PARAMETER C_PIM0_B_SUBTYPE value to PLB
INFO:EDK:1560 - IPNAME:mpmc INSTANCE:DDR2_SDRAM -
   C:\Xilinx\11.1\EDK\hw\XilinxProcessorIPLib\pcores\mpmc_v5_04_a\data\mpmc_v2_1
   _0.mpd line 390 - tcl is overriding PARAMETER C_PIM1_SUBTYPE value to VFBC
INFO:EDK:1560 - IPNAME:mpmc INSTANCE:DDR2_SDRAM -
   C:\Xilinx\11.1\EDK\hw\XilinxProcessorIPLib\pcores\mpmc_v5_04_a\data\mpmc_v2_1
   _0.mpd line 395 - tcl is overriding PARAMETER C_PIM1_B_SUBTYPE value to VFBC
INFO:EDK:1560 - IPNAME:mpmc INSTANCE:DDR2_SDRAM -
   C:\Xilinx\11.1\EDK\hw\XilinxProcessorIPLib\pcores\mpmc_v5_04_a\data\mpmc_v2_1
   _0.mpd line 441 - tcl is overriding PARAMETER C_PIM2_SUBTYPE value to VFBC
INFO:EDK:1560 - IPNAME:mpmc INSTANCE:DDR2_SDRAM -
   C:\Xilinx\11.1\EDK\hw\XilinxProcessorIPLib\pcores\mpmc_v5_04_a\data\mpmc_v2_1
   _0.mpd line 446 - tcl is overriding PARAMETER C_PIM2_B_SUBTYPE value to VFBC
INFO:EDK:1560 - IPNAME:mpmc INSTANCE:DDR2_SDRAM -
   C:\Xilinx\11.1\EDK\hw\XilinxProcessorIPLib\pcores\mpmc_v5_04_a\data\mpmc_v2_1
   _0.mpd line 492 - tcl is overriding PARAMETER C_PIM3_SUBTYPE value to IXCL
INFO:EDK:1560 - IPNAME:mpmc INSTANCE:DDR2_SDRAM -
   C:\Xilinx\11.1\EDK\hw\XilinxProcessorIPLib\pcores\mpmc_v5_04_a\data\mpmc_v2_1
   _0.mpd line 497 - tcl is overriding PARAMETER C_PIM3_B_SUBTYPE value to DXCL
INFO:EDK:1560 - IPNAME:mpmc INSTANCE:DDR2_SDRAM -
   C:\Xilinx\11.1\EDK\hw\XilinxProcessorIPLib\pcores\mpmc_v5_04_a\data\mpmc_v2_1
   _0.mpd line 752 - tcl is overriding PARAMETER C_TWR value to 15000
INFO:EDK:1560 - IPNAME:mpmc INSTANCE:DDR2_SDRAM -
   C:\Xilinx\11.1\EDK\hw\XilinxProcessorIPLib\pcores\mpmc_v5_04_a\data\mpmc_v2_1
   _0.mpd line 754 - tcl is overriding PARAMETER C_CTRL_IS_WRITE_INDEX value to
   1
INFO:EDK:1560 - IPNAME:mpmc INSTANCE:DDR2_SDRAM -
   C:\Xilinx\11.1\EDK\hw\XilinxProcessorIPLib\pcores\mpmc_v5_04_a\data\mpmc_v2_1
   _0.mpd line 755 - tcl is overriding PARAMETER C_CTRL_PHYIF_RAS_N_INDEX value
   to 2
INFO:EDK:1560 - IPNAME:mpmc INSTANCE:DDR2_SDRAM -
   C:\Xilinx\11.1\EDK\hw\XilinxProcessorIPLib\pcores\mpmc_v5_04_a\data\mpmc_v2_1
   _0.mpd line 756 - tcl is overriding PARAMETER C_CTRL_PHYIF_CAS_N_INDEX value
   to 3
INFO:EDK:1560 - IPNAME:mpmc INSTANCE:DDR2_SDRAM -
   C:\Xilinx\11.1\EDK\hw\XilinxProcessorIPLib\pcores\mpmc_v5_04_a\data\mpmc_v2_1
   _0.mpd line 757 - tcl is overriding PARAMETER C_CTRL_PHYIF_WE_N_INDEX value
   to 4
INFO:EDK:1560 - IPNAME:mpmc INSTANCE:DDR2_SDRAM -
   C:\Xilinx\11.1\EDK\hw\XilinxProcessorIPLib\pcores\mpmc_v5_04_a\data\mpmc_v2_1
   _0.mpd line 758 - tcl is overriding PARAMETER C_CTRL_RMW_INDEX value to 6
INFO:EDK:1560 - IPNAME:mpmc INSTANCE:DDR2_SDRAM -
   C:\Xilinx\11.1\EDK\hw\XilinxProcessorIPLib\pcores\mpmc_v5_04_a\data\mpmc_v2_1
   _0.mpd line 759 - tcl is overriding PARAMETER C_CTRL_SKIP_0_INDEX value to 7
INFO:EDK:1560 - IPNAME:mpmc INSTANCE:DDR2_SDRAM -
   C:\Xilinx\11.1\EDK\hw\XilinxProcessorIPLib\pcores\mpmc_v5_04_a\data\mpmc_v2_1
   _0.mpd line 760 - tcl is overriding PARAMETER C_CTRL_PHYIF_DQS_O_INDEX value
   to 8
INFO:EDK:1560 - IPNAME:mpmc INSTANCE:DDR2_SDRAM -
   C:\Xilinx\11.1\EDK\hw\XilinxProcessorIPLib\pcores\mpmc_v5_04_a\data\mpmc_v2_1
   _0.mpd line 761 - tcl is overriding PARAMETER C_CTRL_SKIP_1_INDEX value to 9
INFO:EDK:1560 - IPNAME:mpmc INSTANCE:DDR2_SDRAM -
   C:\Xilinx\11.1\EDK\hw\XilinxProcessorIPLib\pcores\mpmc_v5_04_a\data\mpmc_v2_1
   _0.mpd line 762 - tcl is overriding PARAMETER C_CTRL_DP_RDFIFO_PUSH_INDEX
   value to 10
INFO:EDK:1560 - IPNAME:mpmc INSTANCE:DDR2_SDRAM -
   C:\Xilinx\11.1\EDK\hw\XilinxProcessorIPLib\pcores\mpmc_v5_04_a\data\mpmc_v2_1
   _0.mpd line 763 - tcl is overriding PARAMETER C_CTRL_SKIP_2_INDEX value to 11
INFO:EDK:1560 - IPNAME:mpmc INSTANCE:DDR2_SDRAM -
   C:\Xilinx\11.1\EDK\hw\XilinxProcessorIPLib\pcores\mpmc_v5_04_a\data\mpmc_v2_1
   _0.mpd line 764 - tcl is overriding PARAMETER C_CTRL_AP_COL_CNT_LOAD_INDEX
   value to 12
INFO:EDK:1560 - IPNAME:mpmc INSTANCE:DDR2_SDRAM -
   C:\Xilinx\11.1\EDK\hw\XilinxProcessorIPLib\pcores\mpmc_v5_04_a\data\mpmc_v2_1
   _0.mpd line 765 - tcl is overriding PARAMETER C_CTRL_AP_COL_CNT_ENABLE_INDEX
   value to 13
INFO:EDK:1560 - IPNAME:mpmc INSTANCE:DDR2_SDRAM -
   C:\Xilinx\11.1\EDK\hw\XilinxProcessorIPLib\pcores\mpmc_v5_04_a\data\mpmc_v2_1
   _0.mpd line 766 - tcl is overriding PARAMETER
   C_CTRL_AP_PRECHARGE_ADDR10_INDEX value to 14
INFO:EDK:1560 - IPNAME:mpmc INSTANCE:DDR2_SDRAM -
   C:\Xilinx\11.1\EDK\hw\XilinxProcessorIPLib\pcores\mpmc_v5_04_a\data\mpmc_v2_1
   _0.mpd line 767 - tcl is overriding PARAMETER C_CTRL_AP_ROW_COL_SEL_INDEX
   value to 15
INFO:EDK:1560 - IPNAME:mpmc INSTANCE:DDR2_SDRAM -
   C:\Xilinx\11.1\EDK\hw\XilinxProcessorIPLib\pcores\mpmc_v5_04_a\data\mpmc_v2_1
   _0.mpd line 768 - tcl is overriding PARAMETER C_CTRL_PHYIF_FORCE_DM_INDEX
   value to 16
INFO:EDK:1560 - IPNAME:mpmc INSTANCE:DDR2_SDRAM -
   C:\Xilinx\11.1\EDK\hw\XilinxProcessorIPLib\pcores\mpmc_v5_04_a\data\mpmc_v2_1
   _0.mpd line 769 - tcl is overriding PARAMETER C_CTRL_REPEAT4_INDEX value to
   17
INFO:EDK:1560 - IPNAME:mpmc INSTANCE:DDR2_SDRAM -
   C:\Xilinx\11.1\EDK\hw\XilinxProcessorIPLib\pcores\mpmc_v5_04_a\data\mpmc_v2_1
   _0.mpd line 780 - tcl is overriding PARAMETER C_CTRL_ARB_RDMODWR_DELAY value
   to 3
INFO:EDK:1560 - IPNAME:mpmc INSTANCE:DDR2_SDRAM -
   C:\Xilinx\11.1\EDK\hw\XilinxProcessorIPLib\pcores\mpmc_v5_04_a\data\mpmc_v2_1
   _0.mpd line 781 - tcl is overriding PARAMETER C_CTRL_AP_COL_DELAY value to 1
INFO:EDK:1560 - IPNAME:mpmc INSTANCE:DDR2_SDRAM -
   C:\Xilinx\11.1\EDK\hw\XilinxProcessorIPLib\pcores\mpmc_v5_04_a\data\mpmc_v2_1
   _0.mpd line 785 - tcl is overriding PARAMETER C_CTRL_DP_LOAD_RDWDADDR_DELAY
   value to 2
INFO:EDK:1560 - IPNAME:mpmc INSTANCE:DDR2_SDRAM -
   C:\Xilinx\11.1\EDK\hw\XilinxProcessorIPLib\pcores\mpmc_v5_04_a\data\mpmc_v2_1
   _0.mpd line 786 - tcl is overriding PARAMETER
   C_CTRL_DP_RDFIFO_WHICHPORT_DELAY value to 12
INFO:EDK:1560 - IPNAME:mpmc INSTANCE:DDR2_SDRAM -
   C:\Xilinx\11.1\EDK\hw\XilinxProcessorIPLib\pcores\mpmc_v5_04_a\data\mpmc_v2_1
   _0.mpd line 787 - tcl is overriding PARAMETER C_CTRL_DP_SIZE_DELAY value to 2
INFO:EDK:1560 - IPNAME:mpmc INSTANCE:DDR2_SDRAM -
   C:\Xilinx\11.1\EDK\hw\XilinxProcessorIPLib\pcores\mpmc_v5_04_a\data\mpmc_v2_1
   _0.mpd line 788 - tcl is overriding PARAMETER
   C_CTRL_DP_WRFIFO_WHICHPORT_DELAY value to 4
INFO:EDK:1560 - IPNAME:mpmc INSTANCE:DDR2_SDRAM -
   C:\Xilinx\11.1\EDK\hw\XilinxProcessorIPLib\pcores\mpmc_v5_04_a\data\mpmc_v2_1
   _0.mpd line 789 - tcl is overriding PARAMETER
   C_CTRL_PHYIF_DUMMYREADSTART_DELAY value to 5
INFO:EDK:1560 - IPNAME:mpmc INSTANCE:DDR2_SDRAM -
   C:\Xilinx\11.1\EDK\hw\XilinxProcessorIPLib\pcores\mpmc_v5_04_a\data\mpmc_v2_1
   _0.mpd line 790 - tcl is overriding PARAMETER C_CTRL_Q0_DELAY value to 1
INFO:EDK:1560 - IPNAME:mpmc INSTANCE:DDR2_SDRAM -
   C:\Xilinx\11.1\EDK\hw\XilinxProcessorIPLib\pcores\mpmc_v5_04_a\data\mpmc_v2_1
   _0.mpd line 791 - tcl is overriding PARAMETER C_CTRL_Q1_DELAY value to 1
INFO:EDK:1560 - IPNAME:mpmc INSTANCE:DDR2_SDRAM -
   C:\Xilinx\11.1\EDK\hw\XilinxProcessorIPLib\pcores\mpmc_v5_04_a\data\mpmc_v2_1
   _0.mpd line 792 - tcl is overriding PARAMETER C_CTRL_Q2_DELAY value to 1
INFO:EDK:1560 - IPNAME:mpmc INSTANCE:DDR2_SDRAM -
   C:\Xilinx\11.1\EDK\hw\XilinxProcessorIPLib\pcores\mpmc_v5_04_a\data\mpmc_v2_1
   _0.mpd line 793 - tcl is overriding PARAMETER C_CTRL_Q3_DELAY value to 1
INFO:EDK:1560 - IPNAME:mpmc INSTANCE:DDR2_SDRAM -
   C:\Xilinx\11.1\EDK\hw\XilinxProcessorIPLib\pcores\mpmc_v5_04_a\data\mpmc_v2_1
   _0.mpd line 794 - tcl is overriding PARAMETER C_CTRL_Q4_DELAY value to 1
INFO:EDK:1560 - IPNAME:mpmc INSTANCE:DDR2_SDRAM -
   C:\Xilinx\11.1\EDK\hw\XilinxProcessorIPLib\pcores\mpmc_v5_04_a\data\mpmc_v2_1
   _0.mpd line 796 - tcl is overriding PARAMETER C_CTRL_Q6_DELAY value to 5
INFO:EDK:1560 - IPNAME:mpmc INSTANCE:DDR2_SDRAM -
   C:\Xilinx\11.1\EDK\hw\XilinxProcessorIPLib\pcores\mpmc_v5_04_a\data\mpmc_v2_1
   _0.mpd line 797 - tcl is overriding PARAMETER C_CTRL_Q7_DELAY value to 1
INFO:EDK:1560 - IPNAME:mpmc INSTANCE:DDR2_SDRAM -
   C:\Xilinx\11.1\EDK\hw\XilinxProcessorIPLib\pcores\mpmc_v5_04_a\data\mpmc_v2_1
   _0.mpd line 799 - tcl is overriding PARAMETER C_CTRL_Q9_DELAY value to 1
INFO:EDK:1560 - IPNAME:mpmc INSTANCE:DDR2_SDRAM -
   C:\Xilinx\11.1\EDK\hw\XilinxProcessorIPLib\pcores\mpmc_v5_04_a\data\mpmc_v2_1
   _0.mpd line 800 - tcl is overriding PARAMETER C_CTRL_Q10_DELAY value to 1
INFO:EDK:1560 - IPNAME:mpmc INSTANCE:DDR2_SDRAM -
   C:\Xilinx\11.1\EDK\hw\XilinxProcessorIPLib\pcores\mpmc_v5_04_a\data\mpmc_v2_1
   _0.mpd line 801 - tcl is overriding PARAMETER C_CTRL_Q11_DELAY value to 1
INFO:EDK:1560 - IPNAME:mpmc INSTANCE:DDR2_SDRAM -
   C:\Xilinx\11.1\EDK\hw\XilinxProcessorIPLib\pcores\mpmc_v5_04_a\data\mpmc_v2_1
   _0.mpd line 802 - tcl is overriding PARAMETER C_CTRL_Q12_DELAY value to 1
INFO:EDK:1560 - IPNAME:mpmc INSTANCE:DDR2_SDRAM -
   C:\Xilinx\11.1\EDK\hw\XilinxProcessorIPLib\pcores\mpmc_v5_04_a\data\mpmc_v2_1
   _0.mpd line 803 - tcl is overriding PARAMETER C_CTRL_Q13_DELAY value to 1
INFO:EDK:1560 - IPNAME:mpmc INSTANCE:DDR2_SDRAM -
   C:\Xilinx\11.1\EDK\hw\XilinxProcessorIPLib\pcores\mpmc_v5_04_a\data\mpmc_v2_1
   _0.mpd line 804 - tcl is overriding PARAMETER C_CTRL_Q14_DELAY value to 1
INFO:EDK:1560 - IPNAME:mpmc INSTANCE:DDR2_SDRAM -
   C:\Xilinx\11.1\EDK\hw\XilinxProcessorIPLib\pcores\mpmc_v5_04_a\data\mpmc_v2_1
   _0.mpd line 805 - tcl is overriding PARAMETER C_CTRL_Q15_DELAY value to 1
INFO:EDK:1560 - IPNAME:mpmc INSTANCE:DDR2_SDRAM -
   C:\Xilinx\11.1\EDK\hw\XilinxProcessorIPLib\pcores\mpmc_v5_04_a\data\mpmc_v2_1
   _0.mpd line 806 - tcl is overriding PARAMETER C_CTRL_Q16_DELAY value to 1
INFO:EDK:1560 - IPNAME:mpmc INSTANCE:DDR2_SDRAM -
   C:\Xilinx\11.1\EDK\hw\XilinxProcessorIPLib\pcores\mpmc_v5_04_a\data\mpmc_v2_1
   _0.mpd line 807 - tcl is overriding PARAMETER C_CTRL_Q17_DELAY value to 1
INFO:EDK:1560 - IPNAME:mpmc INSTANCE:DDR2_SDRAM -
   C:\Xilinx\11.1\EDK\hw\XilinxProcessorIPLib\pcores\mpmc_v5_04_a\data\mpmc_v2_1
   _0.mpd line 826 - tcl is overriding PARAMETER C_SKIP_1_VALUE value to 0x001
INFO:EDK:1560 - IPNAME:mpmc INSTANCE:DDR2_SDRAM -
   C:\Xilinx\11.1\EDK\hw\XilinxProcessorIPLib\pcores\mpmc_v5_04_a\data\mpmc_v2_1
   _0.mpd line 827 - tcl is overriding PARAMETER C_SKIP_2_VALUE value to 0x001
INFO:EDK:1560 - IPNAME:mpmc INSTANCE:DDR2_SDRAM -
   C:\Xilinx\11.1\EDK\hw\XilinxProcessorIPLib\pcores\mpmc_v5_04_a\data\mpmc_v2_1
   _0.mpd line 828 - tcl is overriding PARAMETER C_SKIP_3_VALUE value to 0x001
INFO:EDK:1560 - IPNAME:mpmc INSTANCE:DDR2_SDRAM -
   C:\Xilinx\11.1\EDK\hw\XilinxProcessorIPLib\pcores\mpmc_v5_04_a\data\mpmc_v2_1
   _0.mpd line 829 - tcl is overriding PARAMETER C_SKIP_4_VALUE value to 0x001
INFO:EDK:1560 - IPNAME:mpmc INSTANCE:DDR2_SDRAM -
   C:\Xilinx\11.1\EDK\hw\XilinxProcessorIPLib\pcores\mpmc_v5_04_a\data\mpmc_v2_1
   _0.mpd line 830 - tcl is overriding PARAMETER C_SKIP_5_VALUE value to 0x001
INFO:EDK:1560 - IPNAME:mpmc INSTANCE:DDR2_SDRAM -
   C:\Xilinx\11.1\EDK\hw\XilinxProcessorIPLib\pcores\mpmc_v5_04_a\data\mpmc_v2_1
   _0.mpd line 831 - tcl is overriding PARAMETER C_SKIP_6_VALUE value to 0x001
INFO:EDK:1560 - IPNAME:mpmc INSTANCE:DDR2_SDRAM -
   C:\Xilinx\11.1\EDK\hw\XilinxProcessorIPLib\pcores\mpmc_v5_04_a\data\mpmc_v2_1
   _0.mpd line 832 - tcl is overriding PARAMETER C_SKIP_7_VALUE value to 0x001
INFO:EDK:1560 - IPNAME:mpmc INSTANCE:DDR2_SDRAM -
   C:\Xilinx\11.1\EDK\hw\XilinxProcessorIPLib\pcores\mpmc_v5_04_a\data\mpmc_v2_1
   _0.mpd line 834 - tcl is overriding PARAMETER C_B32_REPEAT_CNT value to 6
INFO:EDK:1560 - IPNAME:mpmc INSTANCE:DDR2_SDRAM -
   C:\Xilinx\11.1\EDK\hw\XilinxProcessorIPLib\pcores\mpmc_v5_04_a\data\mpmc_v2_1
   _0.mpd line 835 - tcl is overriding PARAMETER C_B64_REPEAT_CNT value to 14
INFO:EDK:1560 - IPNAME:mpmc INSTANCE:DDR2_SDRAM -
   C:\Xilinx\11.1\EDK\hw\XilinxProcessorIPLib\pcores\mpmc_v5_04_a\data\mpmc_v2_1
   _0.mpd line 837 - tcl is overriding PARAMETER C_HIGHADDR_CTRL0 value to 0x00b
INFO:EDK:1560 - IPNAME:mpmc INSTANCE:DDR2_SDRAM -
   C:\Xilinx\11.1\EDK\hw\XilinxProcessorIPLib\pcores\mpmc_v5_04_a\data\mpmc_v2_1
   _0.mpd line 838 - tcl is overriding PARAMETER C_BASEADDR_CTRL1 value to 0x00c
INFO:EDK:1560 - IPNAME:mpmc INSTANCE:DDR2_SDRAM -
   C:\Xilinx\11.1\EDK\hw\XilinxProcessorIPLib\pcores\mpmc_v5_04_a\data\mpmc_v2_1
   _0.mpd line 839 - tcl is overriding PARAMETER C_HIGHADDR_CTRL1 value to 0x013
INFO:EDK:1560 - IPNAME:mpmc INSTANCE:DDR2_SDRAM -
   C:\Xilinx\11.1\EDK\hw\XilinxProcessorIPLib\pcores\mpmc_v5_04_a\data\mpmc_v2_1
   _0.mpd line 840 - tcl is overriding PARAMETER C_BASEADDR_CTRL2 value to 0x014
INFO:EDK:1560 - IPNAME:mpmc INSTANCE:DDR2_SDRAM -
   C:\Xilinx\11.1\EDK\hw\XilinxProcessorIPLib\pcores\mpmc_v5_04_a\data\mpmc_v2_1
   _0.mpd line 841 - tcl is overriding PARAMETER C_HIGHADDR_CTRL2 value to 0x01f
INFO:EDK:1560 - IPNAME:mpmc INSTANCE:DDR2_SDRAM -
   C:\Xilinx\11.1\EDK\hw\XilinxProcessorIPLib\pcores\mpmc_v5_04_a\data\mpmc_v2_1
   _0.mpd line 842 - tcl is overriding PARAMETER C_BASEADDR_CTRL3 value to 0x020
INFO:EDK:1560 - IPNAME:mpmc INSTANCE:DDR2_SDRAM -
   C:\Xilinx\11.1\EDK\hw\XilinxProcessorIPLib\pcores\mpmc_v5_04_a\data\mpmc_v2_1
   _0.mpd line 843 - tcl is overriding PARAMETER C_HIGHADDR_CTRL3 value to 0x027
INFO:EDK:1560 - IPNAME:mpmc INSTANCE:DDR2_SDRAM -
   C:\Xilinx\11.1\EDK\hw\XilinxProcessorIPLib\pcores\mpmc_v5_04_a\data\mpmc_v2_1
   _0.mpd line 844 - tcl is overriding PARAMETER C_BASEADDR_CTRL4 value to 0x028
INFO:EDK:1560 - IPNAME:mpmc INSTANCE:DDR2_SDRAM -
   C:\Xilinx\11.1\EDK\hw\XilinxProcessorIPLib\pcores\mpmc_v5_04_a\data\mpmc_v2_1
   _0.mpd line 845 - tcl is overriding PARAMETER C_HIGHADDR_CTRL4 value to 0x035
INFO:EDK:1560 - IPNAME:mpmc INSTANCE:DDR2_SDRAM -
   C:\Xilinx\11.1\EDK\hw\XilinxProcessorIPLib\pcores\mpmc_v5_04_a\data\mpmc_v2_1
   _0.mpd line 846 - tcl is overriding PARAMETER C_BASEADDR_CTRL5 value to 0x036
INFO:EDK:1560 - IPNAME:mpmc INSTANCE:DDR2_SDRAM -
   C:\Xilinx\11.1\EDK\hw\XilinxProcessorIPLib\pcores\mpmc_v5_04_a\data\mpmc_v2_1
   _0.mpd line 847 - tcl is overriding PARAMETER C_HIGHADDR_CTRL5 value to 0x03e
INFO:EDK:1560 - IPNAME:mpmc INSTANCE:DDR2_SDRAM -
   C:\Xilinx\11.1\EDK\hw\XilinxProcessorIPLib\pcores\mpmc_v5_04_a\data\mpmc_v2_1
   _0.mpd line 848 - tcl is overriding PARAMETER C_BASEADDR_CTRL6 value to 0x03f
INFO:EDK:1560 - IPNAME:mpmc INSTANCE:DDR2_SDRAM -
   C:\Xilinx\11.1\EDK\hw\XilinxProcessorIPLib\pcores\mpmc_v5_04_a\data\mpmc_v2_1
   _0.mpd line 849 - tcl is overriding PARAMETER C_HIGHADDR_CTRL6 value to 0x050
INFO:EDK:1560 - IPNAME:mpmc INSTANCE:DDR2_SDRAM -
   C:\Xilinx\11.1\EDK\hw\XilinxProcessorIPLib\pcores\mpmc_v5_04_a\data\mpmc_v2_1
   _0.mpd line 850 - tcl is overriding PARAMETER C_BASEADDR_CTRL7 value to 0x051
INFO:EDK:1560 - IPNAME:mpmc INSTANCE:DDR2_SDRAM -
   C:\Xilinx\11.1\EDK\hw\XilinxProcessorIPLib\pcores\mpmc_v5_04_a\data\mpmc_v2_1
   _0.mpd line 851 - tcl is overriding PARAMETER C_HIGHADDR_CTRL7 value to 0x05d
INFO:EDK:1560 - IPNAME:mpmc INSTANCE:DDR2_SDRAM -
   C:\Xilinx\11.1\EDK\hw\XilinxProcessorIPLib\pcores\mpmc_v5_04_a\data\mpmc_v2_1
   _0.mpd line 852 - tcl is overriding PARAMETER C_BASEADDR_CTRL8 value to 0x05e
INFO:EDK:1560 - IPNAME:mpmc INSTANCE:DDR2_SDRAM -
   C:\Xilinx\11.1\EDK\hw\XilinxProcessorIPLib\pcores\mpmc_v5_04_a\data\mpmc_v2_1
   _0.mpd line 853 - tcl is overriding PARAMETER C_HIGHADDR_CTRL8 value to 0x077
INFO:EDK:1560 - IPNAME:mpmc INSTANCE:DDR2_SDRAM -
   C:\Xilinx\11.1\EDK\hw\XilinxProcessorIPLib\pcores\mpmc_v5_04_a\data\mpmc_v2_1
   _0.mpd line 854 - tcl is overriding PARAMETER C_BASEADDR_CTRL9 value to 0x078
INFO:EDK:1560 - IPNAME:mpmc INSTANCE:DDR2_SDRAM -
   C:\Xilinx\11.1\EDK\hw\XilinxProcessorIPLib\pcores\mpmc_v5_04_a\data\mpmc_v2_1
   _0.mpd line 855 - tcl is overriding PARAMETER C_HIGHADDR_CTRL9 value to 0x08c
INFO:EDK:1560 - IPNAME:mpmc INSTANCE:DDR2_SDRAM -
   C:\Xilinx\11.1\EDK\hw\XilinxProcessorIPLib\pcores\mpmc_v5_04_a\data\mpmc_v2_1
   _0.mpd line 856 - tcl is overriding PARAMETER C_BASEADDR_CTRL10 value to
   0x08d
INFO:EDK:1560 - IPNAME:mpmc INSTANCE:DDR2_SDRAM -
   C:\Xilinx\11.1\EDK\hw\XilinxProcessorIPLib\pcores\mpmc_v5_04_a\data\mpmc_v2_1
   _0.mpd line 857 - tcl is overriding PARAMETER C_HIGHADDR_CTRL10 value to
   0x09e
INFO:EDK:1560 - IPNAME:mpmc INSTANCE:DDR2_SDRAM -
   C:\Xilinx\11.1\EDK\hw\XilinxProcessorIPLib\pcores\mpmc_v5_04_a\data\mpmc_v2_1
   _0.mpd line 858 - tcl is overriding PARAMETER C_BASEADDR_CTRL11 value to
   0x09f
INFO:EDK:1560 - IPNAME:mpmc INSTANCE:DDR2_SDRAM -
   C:\Xilinx\11.1\EDK\hw\XilinxProcessorIPLib\pcores\mpmc_v5_04_a\data\mpmc_v2_1
   _0.mpd line 859 - tcl is overriding PARAMETER C_HIGHADDR_CTRL11 value to
   0x0ab
INFO:EDK:1560 - IPNAME:mpmc INSTANCE:DDR2_SDRAM -
   C:\Xilinx\11.1\EDK\hw\XilinxProcessorIPLib\pcores\mpmc_v5_04_a\data\mpmc_v2_1
   _0.mpd line 860 - tcl is overriding PARAMETER C_BASEADDR_CTRL12 value to
   0x0ac
INFO:EDK:1560 - IPNAME:mpmc INSTANCE:DDR2_SDRAM -
   C:\Xilinx\11.1\EDK\hw\XilinxProcessorIPLib\pcores\mpmc_v5_04_a\data\mpmc_v2_1
   _0.mpd line 861 - tcl is overriding PARAMETER C_HIGHADDR_CTRL12 value to
   0x0bd
INFO:EDK:1560 - IPNAME:mpmc INSTANCE:DDR2_SDRAM -
   C:\Xilinx\11.1\EDK\hw\XilinxProcessorIPLib\pcores\mpmc_v5_04_a\data\mpmc_v2_1
   _0.mpd line 862 - tcl is overriding PARAMETER C_BASEADDR_CTRL13 value to
   0x0be
INFO:EDK:1560 - IPNAME:mpmc INSTANCE:DDR2_SDRAM -
   C:\Xilinx\11.1\EDK\hw\XilinxProcessorIPLib\pcores\mpmc_v5_04_a\data\mpmc_v2_1
   _0.mpd line 863 - tcl is overriding PARAMETER C_HIGHADDR_CTRL13 value to
   0x0ca
INFO:EDK:1560 - IPNAME:mpmc INSTANCE:DDR2_SDRAM -
   C:\Xilinx\11.1\EDK\hw\XilinxProcessorIPLib\pcores\mpmc_v5_04_a\data\mpmc_v2_1
   _0.mpd line 864 - tcl is overriding PARAMETER C_BASEADDR_CTRL14 value to
   0x0cb
INFO:EDK:1560 - IPNAME:mpmc INSTANCE:DDR2_SDRAM -
   C:\Xilinx\11.1\EDK\hw\XilinxProcessorIPLib\pcores\mpmc_v5_04_a\data\mpmc_v2_1
   _0.mpd line 865 - tcl is overriding PARAMETER C_HIGHADDR_CTRL14 value to
   0x0db
INFO:EDK:1560 - IPNAME:mpmc INSTANCE:DDR2_SDRAM -
   C:\Xilinx\11.1\EDK\hw\XilinxProcessorIPLib\pcores\mpmc_v5_04_a\data\mpmc_v2_1
   _0.mpd line 866 - tcl is overriding PARAMETER C_BASEADDR_CTRL15 value to
   0x0dc
INFO:EDK:1560 - IPNAME:mpmc INSTANCE:DDR2_SDRAM -
   C:\Xilinx\11.1\EDK\hw\XilinxProcessorIPLib\pcores\mpmc_v5_04_a\data\mpmc_v2_1
   _0.mpd line 867 - tcl is overriding PARAMETER C_HIGHADDR_CTRL15 value to
   0x0dd
INFO:EDK:1560 - IPNAME:mpmc INSTANCE:DDR2_SDRAM -
   C:\Xilinx\11.1\EDK\hw\XilinxProcessorIPLib\pcores\mpmc_v5_04_a\data\mpmc_v2_1
   _0.mpd line 904 - tcl is overriding PARAMETER C_CTRL_BRAM_INIT_1B value to
   0x000002FC000002FC0000001C0000001C0000001C0000001C0000001C0000001C
INFO:EDK:1560 - IPNAME:mpmc INSTANCE:DDR2_SDRAM -
   C:\Xilinx\11.1\EDK\hw\XilinxProcessorIPLib\pcores\mpmc_v5_04_a\data\mpmc_v2_1
   _0.mpd line 905 - tcl is overriding PARAMETER C_CTRL_BRAM_INIT_1A value to
   0x0000001C0000001D0000001C0000001C0000001C0000001C0000001C0000001C
INFO:EDK:1560 - IPNAME:mpmc INSTANCE:DDR2_SDRAM -
   C:\Xilinx\11.1\EDK\hw\XilinxProcessorIPLib\pcores\mpmc_v5_04_a\data\mpmc_v2_1
   _0.mpd line 906 - tcl is overriding PARAMETER C_CTRL_BRAM_INIT_19 value to
   0x0000001C000000100000001C0000001C000040080000001C0000001C00004008
INFO:EDK:1560 - IPNAME:mpmc INSTANCE:DDR2_SDRAM -
   C:\Xilinx\11.1\EDK\hw\XilinxProcessorIPLib\pcores\mpmc_v5_04_a\data\mpmc_v2_1
   _0.mpd line 907 - tcl is overriding PARAMETER C_CTRL_BRAM_INIT_18 value to
   0x0000001C000024140000041D000024140000041C000024140002041C00002414
INFO:EDK:1560 - IPNAME:mpmc INSTANCE:DDR2_SDRAM -
   C:\Xilinx\11.1\EDK\hw\XilinxProcessorIPLib\pcores\mpmc_v5_04_a\data\mpmc_v2_1
   _0.mpd line 908 - tcl is overriding PARAMETER C_CTRL_BRAM_INIT_17 value to
   0x0000141C000080180000001E0000001E0000001E0000400A0000001E0000001F
INFO:EDK:1560 - IPNAME:mpmc INSTANCE:DDR2_SDRAM -
   C:\Xilinx\11.1\EDK\hw\XilinxProcessorIPLib\pcores\mpmc_v5_04_a\data\mpmc_v2_1
   _0.mpd line 909 - tcl is overriding PARAMETER C_CTRL_BRAM_INIT_16 value to
   0x0000001E0000201E0000001E000021060000011E000021060000011E00002106
INFO:EDK:1560 - IPNAME:mpmc INSTANCE:DDR2_SDRAM -
   C:\Xilinx\11.1\EDK\hw\XilinxProcessorIPLib\pcores\mpmc_v5_04_a\data\mpmc_v2_1
   _0.mpd line 910 - tcl is overriding PARAMETER C_CTRL_BRAM_INIT_15 value to
   0x0002011E000021060000111E0000801A0000001C0000001C000040080000001C
INFO:EDK:1560 - IPNAME:mpmc INSTANCE:DDR2_SDRAM -
   C:\Xilinx\11.1\EDK\hw\XilinxProcessorIPLib\pcores\mpmc_v5_04_a\data\mpmc_v2_1
   _0.mpd line 911 - tcl is overriding PARAMETER C_CTRL_BRAM_INIT_14 value to
   0x000024140000041D000024140000041C000024140002041C000024140000141C
INFO:EDK:1560 - IPNAME:mpmc INSTANCE:DDR2_SDRAM -
   C:\Xilinx\11.1\EDK\hw\XilinxProcessorIPLib\pcores\mpmc_v5_04_a\data\mpmc_v2_1
   _0.mpd line 912 - tcl is overriding PARAMETER C_CTRL_BRAM_INIT_13 value to
   0x000080180000001E0000001E0000001E0000400A0000001E0000001F0000001E
INFO:EDK:1560 - IPNAME:mpmc INSTANCE:DDR2_SDRAM -
   C:\Xilinx\11.1\EDK\hw\XilinxProcessorIPLib\pcores\mpmc_v5_04_a\data\mpmc_v2_1
   _0.mpd line 913 - tcl is overriding PARAMETER C_CTRL_BRAM_INIT_12 value to
   0x0000201E0000001E000021060000011E000021060000011E000021060002011E
INFO:EDK:1560 - IPNAME:mpmc INSTANCE:DDR2_SDRAM -
   C:\Xilinx\11.1\EDK\hw\XilinxProcessorIPLib\pcores\mpmc_v5_04_a\data\mpmc_v2_1
   _0.mpd line 914 - tcl is overriding PARAMETER C_CTRL_BRAM_INIT_11 value to
   0x000021060000111E0000801A0000001C0000001C000040080000001C00002414
INFO:EDK:1560 - IPNAME:mpmc INSTANCE:DDR2_SDRAM -
   C:\Xilinx\11.1\EDK\hw\XilinxProcessorIPLib\pcores\mpmc_v5_04_a\data\mpmc_v2_1
   _0.mpd line 915 - tcl is overriding PARAMETER C_CTRL_BRAM_INIT_10 value to
   0x0000041D000024140000041C000024140000041C000024140000041C00002414
INFO:EDK:1560 - IPNAME:mpmc INSTANCE:DDR2_SDRAM -
   C:\Xilinx\11.1\EDK\hw\XilinxProcessorIPLib\pcores\mpmc_v5_04_a\data\mpmc_v2_1
   _0.mpd line 916 - tcl is overriding PARAMETER C_CTRL_BRAM_INIT_0F value to
   0x0000041C000024140000041C000024140000041C000024140000141C00008018
INFO:EDK:1560 - IPNAME:mpmc INSTANCE:DDR2_SDRAM -
   C:\Xilinx\11.1\EDK\hw\XilinxProcessorIPLib\pcores\mpmc_v5_04_a\data\mpmc_v2_1
   _0.mpd line 917 - tcl is overriding PARAMETER C_CTRL_BRAM_INIT_0E value to
   0x0000001E0000001E0000001E0000400A0000001E0000001F0000001E0000201E
INFO:EDK:1560 - IPNAME:mpmc INSTANCE:DDR2_SDRAM -
   C:\Xilinx\11.1\EDK\hw\XilinxProcessorIPLib\pcores\mpmc_v5_04_a\data\mpmc_v2_1
   _0.mpd line 918 - tcl is overriding PARAMETER C_CTRL_BRAM_INIT_0D value to
   0x0000001E000021060000011E000021060000011E000021060000011E00002106
INFO:EDK:1560 - IPNAME:mpmc INSTANCE:DDR2_SDRAM -
   C:\Xilinx\11.1\EDK\hw\XilinxProcessorIPLib\pcores\mpmc_v5_04_a\data\mpmc_v2_1
   _0.mpd line 919 - tcl is overriding PARAMETER C_CTRL_BRAM_INIT_0C value to
   0x0000011E000021060000011E000021060000011E000021060000011E00002106
INFO:EDK:1560 - IPNAME:mpmc INSTANCE:DDR2_SDRAM -
   C:\Xilinx\11.1\EDK\hw\XilinxProcessorIPLib\pcores\mpmc_v5_04_a\data\mpmc_v2_1
   _0.mpd line 920 - tcl is overriding PARAMETER C_CTRL_BRAM_INIT_0B value to
   0x0000111E0000801A0000001C0000001C000040080000001C000024140000041D
INFO:EDK:1560 - IPNAME:mpmc INSTANCE:DDR2_SDRAM -
   C:\Xilinx\11.1\EDK\hw\XilinxProcessorIPLib\pcores\mpmc_v5_04_a\data\mpmc_v2_1
   _0.mpd line 921 - tcl is overriding PARAMETER C_CTRL_BRAM_INIT_0A value to
   0x000024140000041C000024140000041C000024140000141C000080180000001E
INFO:EDK:1560 - IPNAME:mpmc INSTANCE:DDR2_SDRAM -
   C:\Xilinx\11.1\EDK\hw\XilinxProcessorIPLib\pcores\mpmc_v5_04_a\data\mpmc_v2_1
   _0.mpd line 922 - tcl is overriding PARAMETER C_CTRL_BRAM_INIT_09 value to
   0x0000001E0000001E0000400A0000001E0000001F0000001E0000201E0000001E
INFO:EDK:1560 - IPNAME:mpmc INSTANCE:DDR2_SDRAM -
   C:\Xilinx\11.1\EDK\hw\XilinxProcessorIPLib\pcores\mpmc_v5_04_a\data\mpmc_v2_1
   _0.mpd line 923 - tcl is overriding PARAMETER C_CTRL_BRAM_INIT_08 value to
   0x000021060000011E000021060000011E000021060000011E000021060000111E
INFO:EDK:1560 - IPNAME:mpmc INSTANCE:DDR2_SDRAM -
   C:\Xilinx\11.1\EDK\hw\XilinxProcessorIPLib\pcores\mpmc_v5_04_a\data\mpmc_v2_1
   _0.mpd line 924 - tcl is overriding PARAMETER C_CTRL_BRAM_INIT_07 value to
   0x0000801A0000001C0000001C000040080000001C000024140000041D00002414
INFO:EDK:1560 - IPNAME:mpmc INSTANCE:DDR2_SDRAM -
   C:\Xilinx\11.1\EDK\hw\XilinxProcessorIPLib\pcores\mpmc_v5_04_a\data\mpmc_v2_1
   _0.mpd line 925 - tcl is overriding PARAMETER C_CTRL_BRAM_INIT_06 value to
   0x0000141C000080180000001E0000001E0000001E0000400A0000001E0000001F
INFO:EDK:1560 - IPNAME:mpmc INSTANCE:DDR2_SDRAM -
   C:\Xilinx\11.1\EDK\hw\XilinxProcessorIPLib\pcores\mpmc_v5_04_a\data\mpmc_v2_1
   _0.mpd line 926 - tcl is overriding PARAMETER C_CTRL_BRAM_INIT_05 value to
   0x0000001E0000201E0000001E000021060000011E000021060000111E0000801A
INFO:EDK:1560 - IPNAME:mpmc INSTANCE:DDR2_SDRAM -
   C:\Xilinx\11.1\EDK\hw\XilinxProcessorIPLib\pcores\mpmc_v5_04_a\data\mpmc_v2_1
   _0.mpd line 927 - tcl is overriding PARAMETER C_CTRL_BRAM_INIT_04 value to
   0x0000001C0000001C000040080000001C0000001C000024150000141C00008018
INFO:EDK:1560 - IPNAME:mpmc INSTANCE:DDR2_SDRAM -
   C:\Xilinx\11.1\EDK\hw\XilinxProcessorIPLib\pcores\mpmc_v5_04_a\data\mpmc_v2_1
   _0.mpd line 928 - tcl is overriding PARAMETER C_CTRL_BRAM_INIT_03 value to
   0x0000001E0000001E0000001E0000400A0000001E0000001F0000001E0000201E
INFO:EDK:1560 - IPNAME:mpmc INSTANCE:DDR2_SDRAM -
   C:\Xilinx\11.1\EDK\hw\XilinxProcessorIPLib\pcores\mpmc_v5_04_a\data\mpmc_v2_1
   _0.mpd line 929 - tcl is overriding PARAMETER C_CTRL_BRAM_INIT_02 value to
   0x0000001E000021060000111E0000801A0000001C0000001C000040080000001C
INFO:EDK:1560 - IPNAME:mpmc INSTANCE:DDR2_SDRAM -
   C:\Xilinx\11.1\EDK\hw\XilinxProcessorIPLib\pcores\mpmc_v5_04_a\data\mpmc_v2_1
   _0.mpd line 930 - tcl is overriding PARAMETER C_CTRL_BRAM_INIT_01 value to
   0x0000001C000020150000141C000080180000001E0000001E0000001E0000400A
INFO:EDK:1560 - IPNAME:mpmc INSTANCE:DDR2_SDRAM -
   C:\Xilinx\11.1\EDK\hw\XilinxProcessorIPLib\pcores\mpmc_v5_04_a\data\mpmc_v2_1
   _0.mpd line 931 - tcl is overriding PARAMETER C_CTRL_BRAM_INIT_00 value to
   0x0000001E0000001F0000001E0000001E0000001E000021060001111E0000801A
INFO:EDK:1560 - IPNAME:mpmc INSTANCE:DDR2_SDRAM -
   C:\Xilinx\11.1\EDK\hw\XilinxProcessorIPLib\pcores\mpmc_v5_04_a\data\mpmc_v2_1
   _0.mpd line 937 - tcl is overriding PARAMETER C_CTRL_BRAM_INITP_03 value to
   0x0000000000000000000000000000000000000000000000000000000000000000
INFO:EDK:1560 - IPNAME:mpmc INSTANCE:DDR2_SDRAM -
   C:\Xilinx\11.1\EDK\hw\XilinxProcessorIPLib\pcores\mpmc_v5_04_a\data\mpmc_v2_1
   _0.mpd line 938 - tcl is overriding PARAMETER C_CTRL_BRAM_INITP_02 value to
   0x0000000000000000000000000000000000000000000000000000000000000000
INFO:EDK:1560 - IPNAME:mpmc INSTANCE:DDR2_SDRAM -
   C:\Xilinx\11.1\EDK\hw\XilinxProcessorIPLib\pcores\mpmc_v5_04_a\data\mpmc_v2_1
   _0.mpd line 939 - tcl is overriding PARAMETER C_CTRL_BRAM_INITP_01 value to
   0x0000000000000000000000000000000000000000000000000000000000000000
INFO:EDK:1560 - IPNAME:mpmc INSTANCE:DDR2_SDRAM -
   C:\Xilinx\11.1\EDK\hw\XilinxProcessorIPLib\pcores\mpmc_v5_04_a\data\mpmc_v2_1
   _0.mpd line 940 - tcl is overriding PARAMETER C_CTRL_BRAM_INITP_00 value to
   0x0000000000000000000000000000000000000000000000000000000000000000

Running system level update procedures...

Running UPDATE Tcl procedures for OPTION SYSLEVEL_UPDATE_PROC...

Running system level DRCs...

Performing System level DRCs on properties...

Running DRC Tcl procedures for OPTION SYSLEVEL_DRC_PROC...

Running UPDATE Tcl procedures for OPTION PLATGEN_SYSLEVEL_UPDATE_PROC...
INFO: The DDR2_SDRAM core has constraints automatically generated by XPS in
implementation/ddr2_sdram_wrapper/ddr2_sdram_wrapper.ucf.
It can be overridden by constraints placed in the system.ucf file.


Modify defaults ...

Creating stub ...

Processing licensed instances ...
Completion time: 0.00 seconds

Creating hardware output directories ...

Managing hardware (BBD-specified) netlist files ...
IPNAME:vga_control INSTANCE:vga_controller_0 - C:\EDK_Trial_3\system.mhs line
252 - Copying (BBD-specified) netlist files.

Managing cache ...
IPNAME:microblaze INSTANCE:microblaze_0 - C:\EDK_Trial_3\system.mhs line 45 -
Copying cache implementation netlist
IPNAME:plb_v46 INSTANCE:mb_plb - C:\EDK_Trial_3\system.mhs line 86 - Copying
cache implementation netlist
IPNAME:lmb_v10 INSTANCE:ilmb - C:\EDK_Trial_3\system.mhs line 93 - Copying cache
implementation netlist
IPNAME:lmb_v10 INSTANCE:dlmb - C:\EDK_Trial_3\system.mhs line 100 - Copying
cache implementation netlist
IPNAME:lmb_bram_if_cntlr INSTANCE:dlmb_cntlr - C:\EDK_Trial_3\system.mhs line
107 - Copying cache implementation netlist
IPNAME:lmb_bram_if_cntlr INSTANCE:ilmb_cntlr - C:\EDK_Trial_3\system.mhs line
116 - Copying cache implementation netlist
IPNAME:bram_block INSTANCE:lmb_bram - C:\EDK_Trial_3\system.mhs line 125 -
Copying cache implementation netlist
IPNAME:xps_uartlite INSTANCE:rs232_dce - C:\EDK_Trial_3\system.mhs line 132 -
Copying cache implementation netlist
IPNAME:mpmc INSTANCE:ddr2_sdram - C:\EDK_Trial_3\system.mhs line 146 - Copying
cache implementation netlist
IPNAME:clock_generator INSTANCE:clock_generator_0 - C:\EDK_Trial_3\system.mhs
line 201 - Copying cache implementation netlist
IPNAME:mdm INSTANCE:mdm_0 - C:\EDK_Trial_3\system.mhs line 226 - Copying cache
implementation netlist
IPNAME:proc_sys_reset INSTANCE:proc_sys_reset_0 - C:\EDK_Trial_3\system.mhs line
239 - Copying cache implementation netlist
IPNAME:vga_control INSTANCE:vga_controller_0 - C:\EDK_Trial_3\system.mhs line
252 - Copying cache implementation netlist

Elaborating instances ...
IPNAME:bram_block INSTANCE:lmb_bram - C:\EDK_Trial_3\system.mhs line 125 -
elaborating IP

Writing HDL for elaborated instances ...

Inserting wrapper level ...
Completion time: 3.00 seconds

Constructing platform-level connectivity ...
Completion time: 0.00 seconds

Writing (top-level) BMM ...

Writing (top-level and wrappers) HDL ...

Generating synthesis project file ...

Running XST synthesis ...

INFO:EDK:2502 - The following instances are synthesized with XST. The MPD option
   IMP_NETLIST=TRUE indicates that a NGC file is to be produced using XST
   synthesis. IMP_NETLIST=FALSE (default) instances are not synthesized. 
INSTANCE:vga_controller_0 - C:\EDK_Trial_3\system.mhs line 252 - Running XST
synthesis

Running NGCBUILD ...
IPNAME:vga_controller_0_wrapper INSTANCE:vga_controller_0 -
C:\EDK_Trial_3\system.mhs line 252 - Running NGCBUILD

Rebuilding cache ...

Total run time: 126.00 seconds
