
Checking platform configuration ...
IPNAME:plb_v46 INSTANCE:mb_plb - C:\EDK_Trial_3\system.mhs line 86 - 2 master(s)
: 4 slave(s)
IPNAME:lmb_v10 INSTANCE:ilmb - C:\EDK_Trial_3\system.mhs line 93 - 1 master(s) :
1 slave(s)
IPNAME:lmb_v10 INSTANCE:dlmb - C:\EDK_Trial_3\system.mhs line 100 - 1 master(s)
: 1 slave(s)

Checking port drivers...
WARNING:EDK:2098 - PORT:IWAIT CONNECTOR:ilmb_LMB_Wait -
   C:\Xilinx\11.1\EDK\hw\XilinxProcessorIPLib\pcores\microblaze_v7_20_d\data\mic
   roblaze_v2_1_0.mpd line 234 - No driver found. Port will be driven to GND!
WARNING:EDK:2098 - PORT:DWAIT CONNECTOR:dlmb_LMB_Wait -
   C:\Xilinx\11.1\EDK\hw\XilinxProcessorIPLib\pcores\microblaze_v7_20_d\data\mic
   roblaze_v2_1_0.mpd line 270 - No driver found. Port will be driven to GND!
WARNING:EDK:2098 - PORT:bscan_tdo1 CONNECTOR:bscan_tdo1 -
   C:\Xilinx\11.1\EDK\hw\XilinxProcessorIPLib\pcores\mdm_v1_00_g\data\mdm_v2_1_0
   .mpd line 230 - No driver found. Port will be driven to GND!
WARNING:EDK:2099 - PORT:I_ADDRTAG CONNECTOR:ilmb_M_ADDRTAG -
   C:\Xilinx\11.1\EDK\hw\XilinxProcessorIPLib\pcores\microblaze_v7_20_d\data\mic
   roblaze_v2_1_0.mpd line 232 - floating connection!
WARNING:EDK:2099 - PORT:D_ADDRTAG CONNECTOR:dlmb_M_ADDRTAG -
   C:\Xilinx\11.1\EDK\hw\XilinxProcessorIPLib\pcores\microblaze_v7_20_d\data\mic
   roblaze_v2_1_0.mpd line 273 - floating connection!
WARNING:EDK:2099 - PORT:bscan_tdi CONNECTOR:bscan_tdi -
   C:\Xilinx\11.1\EDK\hw\XilinxProcessorIPLib\pcores\mdm_v1_00_g\data\mdm_v2_1_0
   .mpd line 223 - floating connection!
WARNING:EDK:2099 - PORT:bscan_reset CONNECTOR:bscan_reset -
   C:\Xilinx\11.1\EDK\hw\XilinxProcessorIPLib\pcores\mdm_v1_00_g\data\mdm_v2_1_0
   .mpd line 224 - floating connection!
WARNING:EDK:2099 - PORT:bscan_shift CONNECTOR:bscan_shift -
   C:\Xilinx\11.1\EDK\hw\XilinxProcessorIPLib\pcores\mdm_v1_00_g\data\mdm_v2_1_0
   .mpd line 225 - floating connection!
WARNING:EDK:2099 - PORT:bscan_update CONNECTOR:bscan_update -
   C:\Xilinx\11.1\EDK\hw\XilinxProcessorIPLib\pcores\mdm_v1_00_g\data\mdm_v2_1_0
   .mpd line 226 - floating connection!
WARNING:EDK:2099 - PORT:bscan_capture CONNECTOR:bscan_capture -
   C:\Xilinx\11.1\EDK\hw\XilinxProcessorIPLib\pcores\mdm_v1_00_g\data\mdm_v2_1_0
   .mpd line 227 - floating connection!
WARNING:EDK:2099 - PORT:bscan_sel1 CONNECTOR:bscan_sel1 -
   C:\Xilinx\11.1\EDK\hw\XilinxProcessorIPLib\pcores\mdm_v1_00_g\data\mdm_v2_1_0
   .mpd line 228 - floating connection!
WARNING:EDK:2099 - PORT:bscan_drck1 CONNECTOR:bscan_drck1 -
   C:\Xilinx\11.1\EDK\hw\XilinxProcessorIPLib\pcores\mdm_v1_00_g\data\mdm_v2_1_0
   .mpd line 229 - floating connection!

Performing Clock DRCs...

Performing Reset DRCs...

Overriding system level properties...

Running system level update procedures...

Running UPDATE Tcl procedures for OPTION SYSLEVEL_UPDATE_PROC...

Running system level DRCs...

Performing System level DRCs on properties...

Running DRC Tcl procedures for OPTION SYSLEVEL_DRC_PROC...
